Log started at 4/8/2022 10:53:04 AM (2022-04-08T03:53:04Z)
No config file at d:\Users\Documents\Unreal Engine\UnrealBuildTool\BuildConfiguration.xml
Configuration will be read from:
  C:\Users\samag\AppData\Roaming\Unreal Engine\UnrealBuildTool\BuildConfiguration.xml
Log file: E:\My Unreal Engine Projects\UE5_Learning\Saved\Logs\UnrealVersionSelector-2022.04.08-10.52.58.log

Found Windows 10 SDK root at C:\Program Files (x86)\Windows Kits\10 (1)
Found Windows 10 SDK root at C:\Program Files (x86)\Windows Kits\10 (2)
Found Windows 10 SDK version 10.0.19041.0 at C:\Program Files (x86)\Windows Kits\10
Found Universal CRT version 10.0.19041.0 at C:\Program Files (x86)\Windows Kits\10
Win64 using Manual SDK 10.0.19041.0
Log file: C:\Users\samag\AppData\Local\UnrealBuildTool\Log_GPF.txt
Deleting old log file: C:\Users\samag\AppData\Local\UnrealBuildTool\Log_GPF-backup-2022.03.15-10.36.49.txt

---   SDK INFO START   ---
---   SDK INFO END   ---

Discovering modules, targets and source code for project...
Found Visual Studio installation: C:\Program Files\Microsoft Visual Studio\2022\Community (Product=Microsoft.VisualStudio.Product.Community, Version=17.1.32319.34)
Found Visual Studio toolchain: C:\Program Files\Microsoft Visual Studio\2022\Community\VC\Tools\MSVC\14.31.31103 (Family=14.31.31103, FamilyRank=1, Version=14.31.31105, Is64Bit=True, Preview=False, Architecture=x64, Error=False, Redist=C:\Program Files\Microsoft Visual Studio\2022\Community\VC\Redist\MSVC\14.31.31103)
Skipping E:\Program Files (x86)\UE_5.0\Engine\Intermediate\Build\BuildRules\UE5Rules.dll: File is installed
Skipping E:\Program Files (x86)\UE_5.0\Engine\Intermediate\Build\BuildRules\UE5ProgramRules.dll: File is installed
Binding IntelliSense data...
@progress 'Binding IntelliSense data...' 0%
Enabling plugin 'ModelingToolsEditorMode' (referenced via UE5_Learning.uproject)
Enabling plugin 'MeshModelingToolset' (referenced via UE5_Learning.uproject -> ModelingToolsEditorMode.uplugin)
Enabling plugin 'GeometryProcessing' (referenced via UE5_Learning.uproject -> ModelingToolsEditorMode.uplugin -> MeshModelingToolset.uplugin)
Enabling plugin 'ProxyLODPlugin' (referenced via UE5_Learning.uproject -> ModelingToolsEditorMode.uplugin -> MeshModelingToolset.uplugin)
Enabling plugin 'HairStrands' (referenced via UE5_Learning.uproject -> ModelingToolsEditorMode.uplugin -> MeshModelingToolset.uplugin)
Enabling plugin 'Niagara' (referenced via UE5_Learning.uproject -> ModelingToolsEditorMode.uplugin -> MeshModelingToolset.uplugin -> HairStrands.uplugin)
Enabling plugin 'PythonScriptPlugin' (referenced via UE5_Learning.uproject -> ModelingToolsEditorMode.uplugin -> MeshModelingToolset.uplugin -> HairStrands.uplugin -> Niagara.uplugin)
Enabling plugin 'ContentBrowserFileDataSource' (referenced via UE5_Learning.uproject -> ModelingToolsEditorMode.uplugin -> MeshModelingToolset.uplugin -> HairStrands.uplugin -> Niagara.uplugin -> PythonScriptPlugin.uplugin)
Enabling plugin 'GeometryCache' (referenced via UE5_Learning.uproject -> ModelingToolsEditorMode.uplugin -> MeshModelingToolset.uplugin -> HairStrands.uplugin)
Enabling plugin 'MeshModelingToolsetExp' (referenced via UE5_Learning.uproject -> ModelingToolsEditorMode.uplugin)
Enabling plugin 'MeshLODToolset' (referenced via UE5_Learning.uproject -> ModelingToolsEditorMode.uplugin)
Enabling plugin 'GeometryFlow' (referenced via UE5_Learning.uproject -> ModelingToolsEditorMode.uplugin -> MeshLODToolset.uplugin)
Enabling plugin 'EditorScriptingUtilities' (referenced via UE5_Learning.uproject -> ModelingToolsEditorMode.uplugin -> MeshLODToolset.uplugin)
Enabling plugin 'StylusInput' (referenced via UE5_Learning.uproject -> ModelingToolsEditorMode.uplugin)
Enabling plugin 'Bridge' (referenced via UE5_Learning.uproject)
Enabling plugin 'Paper2D' (referenced via default plugins)
Enabling plugin 'AISupport' (referenced via default plugins)
Enabling plugin 'EnvironmentQueryEditor' (referenced via default plugins)
Enabling plugin 'AnimationModifierLibrary' (referenced via default plugins)
Enabling plugin 'BlendSpaceMotionAnalysis' (referenced via default plugins)
Enabling plugin 'ControlRigSpline' (referenced via default plugins)
Enabling plugin 'ControlRig' (referenced via default plugins -> ControlRigSpline.uplugin)
Enabling plugin 'LevelSequenceEditor' (referenced via default plugins -> ControlRigSpline.uplugin -> ControlRig.uplugin)
Enabling plugin 'SequencerScripting' (referenced via default plugins -> ControlRigSpline.uplugin -> ControlRig.uplugin -> LevelSequenceEditor.uplugin)
Enabling plugin 'PropertyAccessEditor' (referenced via default plugins -> ControlRigSpline.uplugin -> ControlRig.uplugin)
Enabling plugin 'IKRig' (referenced via default plugins)
Enabling plugin 'FullBodyIK' (referenced via default plugins -> IKRig.uplugin)
Enabling plugin 'CameraShakePreviewer' (referenced via default plugins)
Enabling plugin 'GameplayCameras' (referenced via default plugins -> CameraShakePreviewer.uplugin)
Enabling plugin 'TemplateSequence' (referenced via default plugins -> CameraShakePreviewer.uplugin -> GameplayCameras.uplugin)
Enabling plugin 'OodleNetwork' (referenced via default plugins)
Enabling plugin 'AnimationSharing' (referenced via default plugins)
Enabling plugin 'SignificanceManager' (referenced via default plugins -> AnimationSharing.uplugin)
Enabling plugin 'CLionSourceCodeAccess' (referenced via default plugins)
Enabling plugin 'CodeLiteSourceCodeAccess' (referenced via default plugins)
Enabling plugin 'GitSourceControl' (referenced via default plugins)
Enabling plugin 'KDevelopSourceCodeAccess' (referenced via default plugins)
Enabling plugin 'NullSourceCodeAccess' (referenced via default plugins)
Enabling plugin 'PerforceSourceControl' (referenced via default plugins)
Enabling plugin 'PixWinPlugin' (referenced via default plugins)
Enabling plugin 'PlasticSourceControl' (referenced via default plugins)
Enabling plugin 'PluginUtils' (referenced via default plugins)
Enabling plugin 'PropertyAccessNode' (referenced via default plugins)
Enabling plugin 'RiderSourceCodeAccess' (referenced via default plugins)
Enabling plugin 'SubversionSourceControl' (referenced via default plugins)
Enabling plugin 'TextureFormatOodle' (referenced via default plugins)
Enabling plugin 'TraceDataFilters' (referenced via default plugins)
Enabling plugin 'UObjectPlugin' (referenced via default plugins)
Enabling plugin 'VisualStudioCodeSourceCodeAccess' (referenced via default plugins)
Enabling plugin 'VisualStudioSourceCodeAccess' (referenced via default plugins)
Enabling plugin 'XCodeSourceCodeAccess' (referenced via default plugins)
Enabling plugin 'AssetManagerEditor' (referenced via default plugins)
Enabling plugin 'ContentBrowserAssetDataSource' (referenced via default plugins)
Enabling plugin 'ContentBrowserClassDataSource' (referenced via default plugins)
Enabling plugin 'CryptoKeys' (referenced via default plugins)
Enabling plugin 'CurveEditorTools' (referenced via default plugins)
Enabling plugin 'DataValidation' (referenced via default plugins)
Enabling plugin 'EditorDebugTools' (referenced via default plugins)
Enabling plugin 'FacialAnimation' (referenced via default plugins)
Enabling plugin 'GameplayTagsEditor' (referenced via default plugins)
Enabling plugin 'GeometryMode' (referenced via default plugins)
Enabling plugin 'MacGraphicsSwitching' (referenced via default plugins)
Enabling plugin 'MaterialAnalyzer' (referenced via default plugins)
Enabling plugin 'MobileLauncherProfileWizard' (referenced via default plugins)
Enabling plugin 'PluginBrowser' (referenced via default plugins)
Enabling plugin 'SequencerAnimTools' (referenced via default plugins)
Enabling plugin 'SpeedTreeImporter' (referenced via default plugins)
Enabling plugin 'WorldPartitionHLODUtilities' (referenced via default plugins)
Enabling plugin 'DatasmithContent' (referenced via default plugins)
Enabling plugin 'VariantManagerContent' (referenced via default plugins -> DatasmithContent.uplugin)
Enabling plugin 'AutomationUtils' (referenced via default plugins)
Enabling plugin 'BackChannel' (referenced via default plugins)
Enabling plugin 'ChaosClothEditor' (referenced via default plugins)
Enabling plugin 'ChaosCloth' (referenced via default plugins -> ChaosClothEditor.uplugin)
Enabling plugin 'ChaosEditor' (referenced via default plugins)
Enabling plugin 'PlanarCut' (referenced via default plugins -> ChaosEditor.uplugin)
Enabling plugin 'GeometryCollectionPlugin' (referenced via default plugins -> ChaosEditor.uplugin)
Enabling plugin 'ProceduralMeshComponent' (referenced via default plugins -> ChaosEditor.uplugin -> GeometryCollectionPlugin.uplugin)
Enabling plugin 'ChaosSolverPlugin' (referenced via default plugins -> ChaosEditor.uplugin -> GeometryCollectionPlugin.uplugin)
Enabling plugin 'ChaosNiagara' (referenced via default plugins)
Enabling plugin 'CharacterAI' (referenced via default plugins)
Enabling plugin 'InterchangeEditor' (referenced via default plugins)
Enabling plugin 'Interchange' (referenced via default plugins -> InterchangeEditor.uplugin)
Enabling plugin 'OpenImageDenoise' (referenced via default plugins)
Enabling plugin 'PlatformCrypto' (referenced via default plugins)
Enabling plugin 'SkeletalReduction' (referenced via default plugins)
Enabling plugin 'FastBuildController' (referenced via default plugins)
Enabling plugin 'AlembicImporter' (referenced via default plugins)
Enabling plugin 'AndroidMedia' (referenced via default plugins)
Enabling plugin 'AvfMedia' (referenced via default plugins)
Enabling plugin 'ImgMedia' (referenced via default plugins)
Enabling plugin 'MediaCompositing' (referenced via default plugins)
Enabling plugin 'MediaPlayerEditor' (referenced via default plugins)
Enabling plugin 'WmfMedia' (referenced via default plugins)
Enabling plugin 'MeshPainting' (referenced via default plugins)
Enabling plugin 'TcpMessaging' (referenced via default plugins)
Enabling plugin 'UdpMessaging' (referenced via default plugins)
Enabling plugin 'ActorSequence' (referenced via default plugins)
Enabling plugin 'MatineeToLevelSequence' (referenced via default plugins)
Enabling plugin 'OnlineSubsystemGooglePlay' (referenced via default plugins)
Enabling plugin 'OnlineSubsystem' (referenced via default plugins -> OnlineSubsystemGooglePlay.uplugin)
Enabling plugin 'OnlineBase' (referenced via default plugins -> OnlineSubsystemGooglePlay.uplugin -> OnlineSubsystem.uplugin)
Enabling plugin 'AndroidPermission' (referenced via default plugins -> OnlineSubsystemGooglePlay.uplugin)
Enabling plugin 'OnlineSubsystemIOS' (referenced via default plugins)
Enabling plugin 'OnlineSubsystemNull' (referenced via default plugins)
Enabling plugin 'OnlineSubsystemUtils' (referenced via default plugins -> OnlineSubsystemNull.uplugin)
Enabling plugin 'OnlineServices' (referenced via default plugins -> OnlineSubsystemNull.uplugin -> OnlineSubsystemUtils.uplugin)
Enabling plugin 'LauncherChunkInstaller' (referenced via default plugins)
Enabling plugin 'ActorLayerUtilities' (referenced via default plugins)
Enabling plugin 'AndroidDeviceProfileSelector' (referenced via default plugins)
Enabling plugin 'AndroidFileServer' (referenced via default plugins)
Enabling plugin 'AndroidMoviePlayer' (referenced via default plugins)
Enabling plugin 'AppleImageUtils' (referenced via default plugins)
Enabling plugin 'AppleMoviePlayer' (referenced via default plugins)
Enabling plugin 'ArchVisCharacter' (referenced via default plugins)
Enabling plugin 'AssetTags' (referenced via default plugins)
Enabling plugin 'AudioCapture' (referenced via default plugins)
Enabling plugin 'CableComponent' (referenced via default plugins)
Enabling plugin 'ChunkDownloader' (referenced via default plugins)
Enabling plugin 'CustomMeshComponent' (referenced via default plugins)
Enabling plugin 'ExampleDeviceProfileSelector' (referenced via default plugins)
Enabling plugin 'GoogleCloudMessaging' (referenced via default plugins)
Enabling plugin 'GooglePAD' (referenced via default plugins)
Enabling plugin 'IOSDeviceProfileSelector' (referenced via default plugins)
Enabling plugin 'LinuxDeviceProfileSelector' (referenced via default plugins)
Enabling plugin 'LocationServicesBPLibrary' (referenced via default plugins)
Enabling plugin 'MobilePatchingUtils' (referenced via default plugins)
Enabling plugin 'ResonanceAudio' (referenced via default plugins)
Enabling plugin 'RuntimePhysXCooking' (referenced via default plugins)
Enabling plugin 'SoundFields' (referenced via default plugins)
Enabling plugin 'Synthesis' (referenced via default plugins)
Enabling plugin 'AudioSynesthesia' (referenced via default plugins -> Synthesis.uplugin)
Enabling plugin 'WebMMoviePlayer' (referenced via default plugins)
Enabling plugin 'WebMMedia' (referenced via default plugins -> WebMMoviePlayer.uplugin)
Enabling plugin 'WindowsDeviceProfileSelector' (referenced via default plugins)
Enabling plugin 'WindowsMoviePlayer' (referenced via default plugins)
Enabling plugin 'XGEController' (referenced via default plugins)
Compiler: C:\Program Files\Microsoft Visual Studio\2022\Community\VC\Tools\MSVC\14.31.31103\bin\HostX64\x64\cl.exe
Linker: C:\Program Files\Microsoft Visual Studio\2022\Community\VC\Tools\MSVC\14.31.31103\bin\HostX64\x64\link.exe
Library Manager: C:\Program Files\Microsoft Visual Studio\2022\Community\VC\Tools\MSVC\14.31.31103\bin\HostX64\x64\lib.exe
Resource Compiler: C:\Program Files (x86)\Windows Kits\10\bin\10.0.19041.0\x64\rc.exe
@progress 'Binding IntelliSense data...' 100%
Writing project files...
@progress 'Writing project files...' 0%
@progress 'Writing project files...' 33%
@progress 'Writing project files...' 67%
@progress 'Writing project files...' 100%
WriteFileIfChanged() wrote 0 changed files of 2 requested writes.
Timeline:

[ 0.000]
[ 0.000](+207.825) <unknown>
[207.825]
